2026-07-18 23:46:43,147 INFO Included extra file "/etc/supervisor/conf.d/messenger.conf" during parsing
2026-07-18 23:46:43,147 INFO Set uid to user 0 succeeded
2026-07-18 23:46:43,149 INFO supervisord started with pid 1
2026-07-18 23:46:44,152 INFO spawned: 'messenger_00' with pid 7
2026-07-18 23:46:44,153 INFO spawned: 'messenger_01' with pid 8
2026-07-18 23:46:44,153 INFO spawned: 'php-fpm' with pid 9
2026-07-18 23:46:44,303 WARN exited: php-fpm (exit status 78; not expected)
2026-07-18 23:46:44,554 WARN exited: messenger_00 (exit status 1; not expected)
2026-07-18 23:46:44,557 WARN exited: messenger_01 (exit status 1; not expected)
2026-07-18 23:46:45,558 INFO spawned: 'messenger_00' with pid 14
2026-07-18 23:46:45,559 INFO spawned: 'messenger_01' with pid 15
2026-07-18 23:46:45,560 INFO spawned: 'php-fpm' with pid 16
2026-07-18 23:46:45,581 WARN exited: php-fpm (exit status 78; not expected)
2026-07-18 23:46:45,642 WARN exited: messenger_01 (exit status 1; not expected)
2026-07-18 23:46:45,652 WARN exited: messenger_00 (exit status 1; not expected)
2026-07-18 23:46:47,655 INFO spawned: 'messenger_00' with pid 21
2026-07-18 23:46:47,656 INFO spawned: 'messenger_01' with pid 22
2026-07-18 23:46:47,657 INFO spawned: 'php-fpm' with pid 23
2026-07-18 23:46:47,676 WARN exited: php-fpm (exit status 78; not expected)
2026-07-18 23:46:47,739 WARN exited: messenger_01 (exit status 1; not expected)
2026-07-18 23:46:47,749 WARN exited: messenger_00 (exit status 1; not expected)
2026-07-18 23:46:50,753 INFO spawned: 'messenger_00' with pid 28
2026-07-18 23:46:50,754 INFO spawned: 'messenger_01' with pid 29
2026-07-18 23:46:50,754 INFO spawned: 'php-fpm' with pid 30
2026-07-18 23:46:50,772 WARN exited: php-fpm (exit status 78; not expected)
2026-07-18 23:46:50,826 INFO gave up: php-fpm entered FATAL state, too many start retries too quickly
2026-07-18 23:46:50,834 WARN exited: messenger_01 (exit status 1; not expected)
2026-07-18 23:46:50,842 INFO gave up: messenger_01 entered FATAL state, too many start retries too quickly
2026-07-18 23:46:50,845 WARN exited: messenger_00 (exit status 1; not expected)
2026-07-18 23:46:51,846 INFO gave up: messenger_00 entered FATAL state, too many start retries too quickly
2026-07-18 23:46:52,847 WARN received SIGQUIT indicating exit request
2026-07-18 23:46:57,496 INFO Included extra file "/etc/supervisor/conf.d/messenger.conf" during parsing
2026-07-18 23:46:57,496 INFO Set uid to user 0 succeeded
2026-07-18 23:46:57,496 INFO supervisord started with pid 1
2026-07-18 23:46:58,498 INFO spawned: 'messenger_00' with pid 7
2026-07-18 23:46:58,499 INFO spawned: 'messenger_01' with pid 8
2026-07-18 23:46:58,500 INFO spawned: 'php-fpm' with pid 9
2026-07-18 23:46:58,522 WARN exited: php-fpm (exit status 78; not expected)
2026-07-18 23:46:58,587 WARN exited: messenger_01 (exit status 1; not expected)
2026-07-18 23:46:58,597 WARN exited: messenger_00 (exit status 1; not expected)
2026-07-18 23:46:59,599 INFO spawned: 'messenger_00' with pid 14
2026-07-18 23:46:59,600 INFO spawned: 'messenger_01' with pid 15
2026-07-18 23:46:59,601 INFO spawned: 'php-fpm' with pid 16
2026-07-18 23:46:59,620 WARN exited: php-fpm (exit status 78; not expected)
2026-07-18 23:46:59,681 WARN exited: messenger_00 (exit status 1; not expected)
2026-07-18 23:46:59,691 WARN exited: messenger_01 (exit status 1; not expected)
2026-07-18 23:47:01,694 INFO spawned: 'messenger_00' with pid 21
2026-07-18 23:47:01,695 INFO spawned: 'messenger_01' with pid 22
2026-07-18 23:47:01,696 INFO spawned: 'php-fpm' with pid 23
2026-07-18 23:47:01,716 WARN exited: php-fpm (exit status 78; not expected)
2026-07-18 23:47:01,779 WARN exited: messenger_00 (exit status 1; not expected)
2026-07-18 23:47:01,779 WARN exited: messenger_01 (exit status 1; not expected)
2026-07-18 23:47:04,784 INFO spawned: 'messenger_00' with pid 28
2026-07-18 23:47:04,784 INFO spawned: 'messenger_01' with pid 29
2026-07-18 23:47:04,785 INFO spawned: 'php-fpm' with pid 30
2026-07-18 23:47:04,809 WARN exited: php-fpm (exit status 78; not expected)
2026-07-18 23:47:04,861 INFO gave up: php-fpm entered FATAL state, too many start retries too quickly
2026-07-18 23:47:04,870 WARN exited: messenger_01 (exit status 1; not expected)
2026-07-18 23:47:04,877 INFO gave up: messenger_01 entered FATAL state, too many start retries too quickly
2026-07-18 23:47:04,880 WARN exited: messenger_00 (exit status 1; not expected)
2026-07-18 23:47:05,881 INFO gave up: messenger_00 entered FATAL state, too many start retries too quickly
2026-07-18 23:50:57,141 WARN received SIGQUIT indicating exit request
2026-07-18 23:51:38,265 INFO Included extra file "/etc/supervisor/conf.d/messenger.conf" during parsing
2026-07-18 23:51:38,265 INFO Set uid to user 0 succeeded
2026-07-18 23:51:38,266 INFO supervisord started with pid 1
2026-07-18 23:51:39,268 INFO spawned: 'messenger_00' with pid 7
2026-07-18 23:51:39,269 INFO spawned: 'messenger_01' with pid 8
2026-07-18 23:51:39,270 INFO spawned: 'php-fpm' with pid 9
2026-07-18 23:51:39,416 WARN exited: php-fpm (exit status 78; not expected)
2026-07-18 23:51:40,640 INFO success: messenger_00 entered RUNNING state, process has stayed up for > than 1 seconds (startsecs)
2026-07-18 23:51:40,640 INFO success: messenger_01 entered RUNNING state, process has stayed up for > than 1 seconds (startsecs)
2026-07-18 23:51:40,641 INFO spawned: 'php-fpm' with pid 14
2026-07-18 23:51:40,662 WARN exited: php-fpm (exit status 78; not expected)
2026-07-18 23:51:42,665 INFO spawned: 'php-fpm' with pid 15
2026-07-18 23:51:42,683 WARN exited: php-fpm (exit status 78; not expected)
2026-07-18 23:51:45,687 INFO spawned: 'php-fpm' with pid 16
2026-07-18 23:51:45,707 WARN exited: php-fpm (exit status 78; not expected)
2026-07-18 23:51:46,708 INFO gave up: php-fpm entered FATAL state, too many start retries too quickly
2026-07-18 23:58:14,711 WARN received SIGQUIT indicating exit request
2026-07-18 23:58:14,711 INFO waiting for messenger_00, messenger_01 to die
2026-07-18 23:58:14,712 WARN stopped: messenger_01 (terminated by SIGTERM)
2026-07-18 23:58:14,712 WARN stopped: messenger_00 (terminated by SIGTERM)
2026-07-18 23:58:54,187 INFO Included extra file "/etc/supervisor/conf.d/messenger.conf" during parsing
2026-07-18 23:58:54,187 INFO Set uid to user 0 succeeded
2026-07-18 23:58:54,188 INFO supervisord started with pid 1
2026-07-18 23:58:55,190 INFO spawned: 'messenger_00' with pid 7
2026-07-18 23:58:55,191 INFO spawned: 'messenger_01' with pid 8
2026-07-18 23:58:55,191 INFO spawned: 'php-fpm' with pid 9
2026-07-18 23:58:55,212 WARN exited: php-fpm (exit status 78; not expected)
2026-07-18 23:58:56,461 INFO success: messenger_00 entered RUNNING state, process has stayed up for > than 1 seconds (startsecs)
2026-07-18 23:58:56,461 INFO success: messenger_01 entered RUNNING state, process has stayed up for > than 1 seconds (startsecs)
2026-07-18 23:58:56,462 INFO spawned: 'php-fpm' with pid 14
2026-07-18 23:58:56,484 WARN exited: php-fpm (exit status 78; not expected)
2026-07-18 23:58:58,487 INFO spawned: 'php-fpm' with pid 15
2026-07-18 23:58:58,506 WARN exited: php-fpm (exit status 78; not expected)
2026-07-18 23:59:01,510 INFO spawned: 'php-fpm' with pid 16
2026-07-18 23:59:01,529 WARN exited: php-fpm (exit status 78; not expected)
2026-07-18 23:59:02,530 INFO gave up: php-fpm entered FATAL state, too many start retries too quickly
2026-07-19 00:02:44,504 WARN exited: messenger_01 (exit status 1; not expected)
2026-07-19 00:02:45,099 INFO spawned: 'messenger_01' with pid 17
2026-07-19 00:02:45,099 WARN received SIGQUIT indicating exit request
2026-07-19 00:02:45,099 INFO waiting for messenger_00, messenger_01 to die
2026-07-19 00:02:45,101 WARN stopped: messenger_00 (terminated by SIGTERM)
2026-07-19 00:02:45,180 WARN stopped: messenger_01 (exit status 1)
2026-07-19 00:04:45,236 INFO Included extra file "/etc/supervisor/conf.d/messenger.conf" during parsing
2026-07-19 00:04:45,236 INFO Set uid to user 0 succeeded
2026-07-19 00:04:45,236 INFO supervisord started with pid 1
2026-07-19 00:04:46,238 INFO spawned: 'messenger_00' with pid 19
2026-07-19 00:04:46,239 INFO spawned: 'messenger_01' with pid 20
2026-07-19 00:04:46,240 INFO spawned: 'php-fpm' with pid 21
2026-07-19 00:04:46,262 WARN exited: php-fpm (exit status 78; not expected)
2026-07-19 00:04:46,554 WARN exited: messenger_01 (exit status 1; not expected)
2026-07-19 00:04:46,555 WARN exited: messenger_00 (exit status 1; not expected)
2026-07-19 00:04:47,556 INFO spawned: 'messenger_00' with pid 26
2026-07-19 00:04:47,557 INFO spawned: 'messenger_01' with pid 27
2026-07-19 00:04:47,558 INFO spawned: 'php-fpm' with pid 28
2026-07-19 00:04:47,577 WARN exited: php-fpm (exit status 78; not expected)
2026-07-19 00:04:47,636 WARN exited: messenger_01 (exit status 1; not expected)
2026-07-19 00:04:47,637 WARN exited: messenger_00 (exit status 1; not expected)
2026-07-19 00:04:49,640 INFO spawned: 'messenger_00' with pid 33
2026-07-19 00:04:49,641 INFO spawned: 'messenger_01' with pid 34
2026-07-19 00:04:49,642 INFO spawned: 'php-fpm' with pid 35
2026-07-19 00:04:49,660 WARN exited: php-fpm (exit status 78; not expected)
2026-07-19 00:04:49,720 WARN exited: messenger_00 (exit status 1; not expected)
2026-07-19 00:04:49,720 WARN exited: messenger_01 (exit status 1; not expected)
2026-07-19 00:04:52,725 INFO spawned: 'messenger_00' with pid 40
2026-07-19 00:04:52,726 INFO spawned: 'messenger_01' with pid 41
2026-07-19 00:04:52,726 INFO spawned: 'php-fpm' with pid 42
2026-07-19 00:04:52,744 WARN exited: php-fpm (exit status 78; not expected)
2026-07-19 00:04:52,799 INFO gave up: php-fpm entered FATAL state, too many start retries too quickly
2026-07-19 00:04:52,808 WARN exited: messenger_00 (exit status 1; not expected)
2026-07-19 00:04:52,808 WARN exited: messenger_01 (exit status 1; not expected)
2026-07-19 00:04:52,809 INFO gave up: messenger_00 entered FATAL state, too many start retries too quickly
2026-07-19 00:04:52,809 INFO gave up: messenger_01 entered FATAL state, too many start retries too quickly
2026-07-19 00:05:02,820 WARN received SIGQUIT indicating exit request
2026-07-19 23:07:01,957 INFO Included extra file "/etc/supervisor/conf.d/messenger.conf" during parsing
2026-07-19 23:07:01,957 INFO Set uid to user 0 succeeded
2026-07-19 23:07:01,959 INFO supervisord started with pid 1
2026-07-19 23:07:02,960 INFO spawned: 'messenger_00' with pid 19
2026-07-19 23:07:02,961 INFO spawned: 'messenger_01' with pid 20
2026-07-19 23:07:02,962 INFO spawned: 'php-fpm' with pid 21
2026-07-19 23:07:03,101 WARN exited: php-fpm (exit status 78; not expected)
2026-07-19 23:07:03,325 WARN exited: messenger_00 (exit status 1; not expected)
2026-07-19 23:07:03,326 WARN exited: messenger_01 (exit status 1; not expected)
2026-07-19 23:07:04,327 INFO spawned: 'messenger_00' with pid 26
2026-07-19 23:07:04,328 INFO spawned: 'messenger_01' with pid 27
2026-07-19 23:07:04,328 INFO spawned: 'php-fpm' with pid 28
2026-07-19 23:07:04,346 WARN exited: php-fpm (exit status 78; not expected)
2026-07-19 23:07:04,421 WARN exited: messenger_00 (exit status 1; not expected)
2026-07-19 23:07:04,421 WARN exited: messenger_01 (exit status 1; not expected)
2026-07-19 23:07:06,423 INFO spawned: 'messenger_00' with pid 33
2026-07-19 23:07:06,425 INFO spawned: 'messenger_01' with pid 34
2026-07-19 23:07:06,426 INFO spawned: 'php-fpm' with pid 35
2026-07-19 23:07:06,445 WARN exited: php-fpm (exit status 78; not expected)
2026-07-19 23:07:06,503 WARN exited: messenger_01 (exit status 1; not expected)
2026-07-19 23:07:06,515 WARN exited: messenger_00 (exit status 1; not expected)
2026-07-19 23:07:09,519 INFO spawned: 'messenger_00' with pid 40
2026-07-19 23:07:09,519 INFO spawned: 'messenger_01' with pid 41
2026-07-19 23:07:09,520 INFO spawned: 'php-fpm' with pid 42
2026-07-19 23:07:09,537 WARN exited: php-fpm (exit status 78; not expected)
2026-07-19 23:07:09,583 INFO gave up: php-fpm entered FATAL state, too many start retries too quickly
2026-07-19 23:07:09,600 WARN exited: messenger_00 (exit status 1; not expected)
2026-07-19 23:07:09,600 WARN exited: messenger_01 (exit status 1; not expected)
2026-07-19 23:07:10,601 INFO gave up: messenger_00 entered FATAL state, too many start retries too quickly
2026-07-19 23:07:10,601 INFO gave up: messenger_01 entered FATAL state, too many start retries too quickly
2026-07-19 23:13:24,050 WARN received SIGQUIT indicating exit request
2026-07-19 23:14:05,815 INFO Included extra file "/etc/supervisor/conf.d/messenger.conf" during parsing
2026-07-19 23:14:05,815 INFO Set uid to user 0 succeeded
2026-07-19 23:14:05,816 INFO supervisord started with pid 1
2026-07-19 23:14:06,818 INFO spawned: 'messenger_00' with pid 7
2026-07-19 23:14:06,818 INFO spawned: 'messenger_01' with pid 8
2026-07-19 23:14:06,819 INFO spawned: 'php-fpm' with pid 9
2026-07-19 23:14:06,840 WARN exited: php-fpm (exit status 78; not expected)
2026-07-19 23:14:07,896 INFO success: messenger_00 entered RUNNING state, process has stayed up for > than 1 seconds (startsecs)
2026-07-19 23:14:07,896 INFO success: messenger_01 entered RUNNING state, process has stayed up for > than 1 seconds (startsecs)
2026-07-19 23:14:07,897 INFO spawned: 'php-fpm' with pid 14
2026-07-19 23:14:07,918 WARN exited: php-fpm (exit status 78; not expected)
2026-07-19 23:14:09,921 INFO spawned: 'php-fpm' with pid 15
2026-07-19 23:14:09,941 WARN exited: php-fpm (exit status 78; not expected)
2026-07-19 23:14:12,945 INFO spawned: 'php-fpm' with pid 16
2026-07-19 23:14:12,964 WARN exited: php-fpm (exit status 78; not expected)
2026-07-19 23:14:13,965 INFO gave up: php-fpm entered FATAL state, too many start retries too quickly
2026-07-19 23:19:58,951 WARN exited: messenger_00 (exit status 1; not expected)
2026-07-19 23:19:58,951 WARN exited: messenger_01 (exit status 1; not expected)
2026-07-19 23:19:58,952 INFO spawned: 'messenger_00' with pid 17
2026-07-19 23:19:58,953 INFO spawned: 'messenger_01' with pid 18
2026-07-19 23:19:59,032 WARN exited: messenger_00 (exit status 1; not expected)
2026-07-19 23:19:59,032 WARN exited: messenger_01 (exit status 1; not expected)
2026-07-19 23:20:00,033 INFO spawned: 'messenger_00' with pid 23
2026-07-19 23:20:00,034 INFO spawned: 'messenger_01' with pid 24
2026-07-19 23:20:00,035 WARN received SIGQUIT indicating exit request
2026-07-19 23:20:00,035 INFO waiting for messenger_00, messenger_01 to die
2026-07-19 23:20:00,106 WARN stopped: messenger_00 (terminated by SIGTERM)
2026-07-19 23:20:00,106 WARN stopped: messenger_01 (terminated by SIGTERM)
2026-07-19 23:21:05,132 INFO Included extra file "/etc/supervisor/conf.d/messenger.conf" during parsing
2026-07-19 23:21:05,133 INFO Set uid to user 0 succeeded
2026-07-19 23:21:05,158 CRIT Server 'unix_http_server' running without any HTTP authentication checking
2026-07-19 23:21:05,158 INFO supervisord started with pid 1
2026-07-19 23:21:06,159 INFO spawned: 'messenger_00' with pid 7
2026-07-19 23:21:06,160 INFO spawned: 'messenger_01' with pid 8
2026-07-19 23:21:06,161 INFO spawned: 'php-fpm' with pid 9
2026-07-19 23:21:07,535 INFO success: messenger_00 entered RUNNING state, process has stayed up for > than 1 seconds (startsecs)
2026-07-19 23:21:07,536 INFO success: messenger_01 entered RUNNING state, process has stayed up for > than 1 seconds (startsecs)
2026-07-19 23:21:07,536 INFO success: php-fpm entered RUNNING state, process has stayed up for > than 1 seconds (startsecs)
